<?xml version="1.0" encoding="UTF-8"?>
<!-- Generated by org.testng.reporters.JUnitReportReporter -->
<testsuite skipped="0" hostname="LAPTOP-P82DU6VA" name="com.revature.selenium.NavigationAtoQ" tests="2" failures="0" timestamp="07 Aug 2019 15:17:49 GMT" time="48.483" errors="0">
  <testcase name="assessBatch" time="31.931" classname="com.revature.selenium.NavigationAtoQ"/>
  <testcase name="assessBatchNav" time="16.552" classname="com.revature.selenium.NavigationAtoQ"/>
</testsuite> <!-- com.revature.selenium.NavigationAtoQ -->
