<?xml version="1.0" encoding="UTF-8"?>
<!-- Generated by org.testng.reporters.JUnitReportReporter -->
<testsuite skipped="1" hostname="LAPTOP-P82DU6VA" name="com.revature.endtoend.NavigationAtoQ" tests="2" failures="0" timestamp="12 Aug 2019 15:29:32 GMT" time="9.290" errors="0">
  <testcase name="assessBatchNav" time="9.290" classname="com.revature.endtoend.NavigationAtoQ"/>
  <testcase name="assessBatch" classname="com.revature.endtoend.NavigationAtoQ">
    <skipped/>
  </testcase> <!-- assessBatch -->
</testsuite> <!-- com.revature.endtoend.NavigationAtoQ -->
