<?xml version="1.0" encoding="UTF-8"?>
<!-- Generated by org.testng.reporters.JUnitReportReporter -->
<testsuite skipped="0" hostname="LAPTOP-P82DU6VA" name="com.revature.endtoend.NavigationAtoQ" tests="2" failures="0" timestamp="12 Aug 2019 15:20:10 GMT" time="27.179" errors="0">
  <testcase name="assessBatch" time="10.252" classname="com.revature.endtoend.NavigationAtoQ"/>
  <testcase name="assessBatchNav" time="16.927" classname="com.revature.endtoend.NavigationAtoQ"/>
</testsuite> <!-- com.revature.endtoend.NavigationAtoQ -->
